<?xml version="1.0" encoding="UTF-8"?>
<!-- Generated by org.testng.reporters.JUnitReportReporter -->
<testsuite hostname="DESKTOP-DQMIJ0I" name="myTakescrenshot.myscreenshotexecution" tests="2" failures="0" timestamp="30 Jul 2020 20:44:40 GMT" time="0.692" errors="0">
  <testcase name="actionmethod" time="0.355" classname="myTakescrenshot.myscreenshotexecution"/>
  <testcase name="myscreenshot" time="0.337" classname="myTakescrenshot.myscreenshotexecution"/>
</testsuite> <!-- myTakescrenshot.myscreenshotexecution -->
